......FFFFFF                                                             [100%]
=================================== FAILURES ===================================
____________ test_single_F_angle_90_step_10_produces_one_segment_up ____________

    def test_single_F_angle_90_step_10_produces_one_segment_up():
>       segs = interpret("F", angle=90, step=10)
               ^^^^^^^^^^^^^^^^^^^^^^^^^^^^^^^^^
E       TypeError: interpret() got an unexpected keyword argument 'angle'

tests/test_turtle.py:19: TypeError
________________________ test_FF_produces_two_segments _________________________

    def test_FF_produces_two_segments():
>       segs = interpret("FF", angle=90, step=10)
               ^^^^^^^^^^^^^^^^^^^^^^^^^^^^^^^^^^
E       TypeError: interpret() got an unexpected keyword argument 'angle'

tests/test_turtle.py:25: TypeError
_______________ test_F_plus_F_angle_90_second_segment_goes_left ________________

    def test_F_plus_F_angle_90_second_segment_goes_left():
>       segs = interpret("F+F", angle=90, step=10)
               ^^^^^^^^^^^^^^^^^^^^^^^^^^^^^^^^^^^
E       TypeError: interpret() got an unexpected keyword argument 'angle'

tests/test_turtle.py:32: TypeError
______________ test_F_minus_F_angle_90_second_segment_goes_right _______________

    def test_F_minus_F_angle_90_second_segment_goes_right():
>       segs = interpret("F-F", angle=90, step=10)
               ^^^^^^^^^^^^^^^^^^^^^^^^^^^^^^^^^^^
E       TypeError: interpret() got an unexpected keyword argument 'angle'

tests/test_turtle.py:40: TypeError
___ test_push_pop_F_bracket_plus_F_bracket_minus_F_third_starts_after_first ____

    def test_push_pop_F_bracket_plus_F_bracket_minus_F_third_starts_after_first():
>       segs = interpret("F[+F]-F", angle=90, step=10)
               ^^^^^^^^^^^^^^^^^^^^^^^^^^^^^^^^^^^^^^^
E       TypeError: interpret() got an unexpected keyword argument 'angle'

tests/test_turtle.py:48: TypeError
________ test_unknown_characters_are_ignored_FXF_produces_two_segments _________

    def test_unknown_characters_are_ignored_FXF_produces_two_segments():
>       segs = interpret("FXF", angle=90, step=10)
               ^^^^^^^^^^^^^^^^^^^^^^^^^^^^^^^^^^^
E       TypeError: interpret() got an unexpected keyword argument 'angle'

tests/test_turtle.py:62: TypeError
=========================== short test summary info ============================
FAILED tests/test_turtle.py::test_single_F_angle_90_step_10_produces_one_segment_up
FAILED tests/test_turtle.py::test_FF_produces_two_segments - TypeError: inter...
FAILED tests/test_turtle.py::test_F_plus_F_angle_90_second_segment_goes_left
FAILED tests/test_turtle.py::test_F_minus_F_angle_90_second_segment_goes_right
FAILED tests/test_turtle.py::test_push_pop_F_bracket_plus_F_bracket_minus_F_third_starts_after_first
FAILED tests/test_turtle.py::test_unknown_characters_are_ignored_FXF_produces_two_segments
6 failed, 6 passed in 0.45s
