======================================================================
ERROR: discover (unittest.loader._FailedTest.discover)
----------------------------------------------------------------------
ImportError: Failed to import test module: discover
Traceback (most recent call last):
  File "/Users/user/.pyenv/versions/3.12.12/lib/python3.12/unittest/loader.py", line 137, in loadTestsFromName
    module = __import__(module_name)
             ^^^^^^^^^^^^^^^^^^^^^^^
ModuleNotFoundError: No module named 'discover'


----------------------------------------------------------------------
Ran 1 test in 0.000s

FAILED (errors=1)
