[
  {
    "command": [
      "bash",
      "scripts/verify.sh"
    ],
    "duration_seconds": 0.08275391696952283,
    "exit_code": 1,
    "stderr_path": "/Users/user/repos/aos/artifacts/5345efa886f1/attempt_1/verify_1_stderr.txt",
    "stderr_trunc": "======================================================================\nERROR: discover (unittest.loader._FailedTest.discover)\n----------------------------------------------------------------------\nImportError: Failed to import test module: discover\nTraceback (most recent call last):\n  File \"/Users/user/.pyenv/versions/3.12.12/lib/python3.12/unittest/loader.py\", line 137, in loadTestsFromName\n    module = __import__(module_name)\n             ^^^^^^^^^^^^^^^^^^^^^^^\nModuleNotFoundError: No module named 'discover'\n\n\n----------------------------------------------------------------------\nRan 1 test in 0.000s\n\nFAILED (errors=1)",
    "stdout_path": "/Users/user/repos/aos/artifacts/5345efa886f1/attempt_1/verify_1_stdout.txt",
    "stdout_trunc": ""
  }
]
