{
  "command": "bash scripts/verify.sh",
  "constraints_reminder": "Global verification must pass before acceptance.",
  "exit_code": 1,
  "primary_error_excerpt": "........F.                                                               [100%]\n=================================== FAILURES ===================================\n_____ test_age_increases_survivors_have_age_gt_0_after_5_steps_sparse_grid _____\n\n    def test_age_increases_survivors_have_age_gt_0_after_5_steps_sparse_grid():\n        config = SimConfig(width=30, height=30, seed=888, initial_density=0.05)\n        world = create_world(config)\n    \n        for _ in range(5):\n            world.step()\n    \n        state = world.get_state()\n        # For any survivors, age must be > 0 because age increments each step.\n        for _, agent in state.agents:\n>           assert agent.age > 0\nE           assert 0 > 0\nE            +  where 0 = Agent(energy=8, age=0, direction=3).age\n\ntests/test_simulation.py:125: AssertionError\n=========================== short test summary info ============================\nFAILED tests/test_simulation.py::test_age_increases_survivors_have_age_gt_0_after_5_steps_sparse_grid\n1 failed, 9 passed in 0.49s\n",
  "stage": "verify_failed"
}
