........F.                                                               [100%]
=================================== FAILURES ===================================
_____ test_age_increases_survivors_have_age_gt_0_after_5_steps_sparse_grid _____

    def test_age_increases_survivors_have_age_gt_0_after_5_steps_sparse_grid():
        config = SimConfig(width=30, height=30, seed=888, initial_density=0.05)
        world = create_world(config)
    
        for _ in range(5):
            world.step()
    
        state = world.get_state()
        # For any survivors, age must be > 0 because age increments each step.
        for _, agent in state.agents:
>           assert agent.age > 0
E           assert 0 > 0
E            +  where 0 = Agent(energy=8, age=0, direction=3).age

tests/test_simulation.py:125: AssertionError
=========================== short test summary info ============================
FAILED tests/test_simulation.py::test_age_increases_survivors_have_age_gt_0_after_5_steps_sparse_grid
1 failed, 9 passed in 0.49s
