[
  {
    "command": [
      "bash",
      "scripts/verify.sh"
    ],
    "duration_seconds": 1.346,
    "exit_code": 1,
    "stderr_path": "/Users/user/repos/aos/artifacts4/ff5411d217164bdb/attempt_2/verify_0_stderr.txt",
    "stderr_trunc": "",
    "stdout_path": "/Users/user/repos/aos/artifacts4/ff5411d217164bdb/attempt_2/verify_0_stdout.txt",
    "stdout_trunc": "........F.                                                               [100%]\n=================================== FAILURES ===================================\n_ test_age_increases_survivors_from_initial_population_have_age_gt_0_after_5_steps_sparse_grid _\n\n    def test_age_increases_survivors_from_initial_population_have_age_gt_0_after_5_steps_sparse_grid():\n        config = SimConfig(width=30, height=30, seed=888, initial_density=0.05)\n        world = create_world(config)\n    \n        initial_state = world.get_state()\n        initial_positions = _positions_set(initial_state)\n    \n        for _ in range(5):\n            world.step()\n    \n        state = world.get_state()\n        # Newborn agents can have age==0; only assert for agents that existed initially and survived.\n        for pos, agent in state.agents:\n            if pos in initial_positions:\n>               assert agent.age > 0\nE               assert 0 > 0\nE                +  where 0 = Agent(energy=8, age=0, direction=3).age\n\ntests/test_simulation.py:113: AssertionError\n=========================== short test summary info ============================\nFAILED tests/test_simulation.py::test_age_increases_survivors_from_initial_population_have_age_gt_0_after_5_steps_sparse_grid\n1 failed, 9 passed in 0.53s\n"
  }
]
