[
  {
    "command": [
      "bash",
      "scripts/verify.sh"
    ],
    "duration_seconds": 1.213,
    "exit_code": 1,
    "stderr_path": "/Users/user/repos/aos/artifacts3/05c538af17c1327d/attempt_1/verify_0_stderr.txt",
    "stderr_trunc": "",
    "stdout_path": "/Users/user/repos/aos/artifacts3/05c538af17c1327d/attempt_1/verify_0_stdout.txt",
    "stdout_trunc": ".........F                                                               [100%]\n=================================== FAILURES ===================================\n__ test_age_monotonicity_agent_ages_only_increase_across_steps_for_survivors ___\n\n    def test_age_monotonicity_agent_ages_only_increase_across_steps_for_survivors():\n        config = SimConfig(width=13, height=9, seed=77, initial_density=0.4)\n        world = create_world(config)\n    \n        prev = world.get_state()\n        for _ in range(10):\n            result = world.step()\n            curr = result.world\n    \n            prev_map = _agents_by_pos(prev)\n            curr_map = _agents_by_pos(curr)\n    \n            # For agents that remain in the same cell across steps, age must increase.\n            # (Movement can change positions; births introduce new agents with age=0.)\n            for pos, prev_agent in prev_map.items():\n                if pos in curr_map:\n>                   assert curr_map[pos].age > prev_agent.age\nE                   assert 0 > 4\nE                    +  where 0 = Agent(energy=8, age=0, direction=1).age\nE                    +  and   4 = Agent(energy=14, age=4, direction=2).age\n\ntests/test_simulation.py:129: AssertionError\n=========================== short test summary info ============================\nFAILED tests/test_simulation.py::test_age_monotonicity_agent_ages_only_increase_across_steps_for_survivors\n1 failed, 9 passed in 0.44s\n"
  }
]
