{
  "attempts": [
    {
      "acceptance": [],
      "apply_ok": true,
      "attempt_index": 1,
      "baseline_commit": "23214ce1349bde3d814c1b4cb52271b4d4865215",
      "failure_brief": {
        "command": "bash scripts/verify.sh",
        "constraints_reminder": "Global verification must run before acceptance. Global verify is EXACTLY: if scripts/verify.sh exists run `bash scripts/verify.sh`, else run `python -m compileall -q .`, `python -m pip --version`, `python -m pytest -q`. Acceptance commands must be run via shlex.split() with no shell, and changes must be limited to allowed_files.",
        "exit_code": 1,
        "primary_error_excerpt": "======================================================================\nERROR: discover (unittest.loader._FailedTest.discover)\n----------------------------------------------------------------------\nImportError: Failed to import test module: discover\nTraceback (most recent call last):\n  File \"/Users/user/.pyenv/versions/3.12.12/lib/python3.12/unittest/loader.py\", line 137, in loadTestsFromName\n    module = __import__(module_name)\n             ^^^^^^^^^^^^^^^^^^^^^^^\nModuleNotFoundError: No module named 'discover'\n\n\n----------------------------------------------------------------------\nRan 1 test in 0.000s\n\nFAILED (errors=1)",
        "stage": "verify_failed"
      },
      "patch_path": "/Users/user/repos/aos/artifacts/5345efa886f1/attempt_1/proposed_patch.diff",
      "touched_files": [
        "scripts/verify.sh"
      ],
      "verify": [
        {
          "command": [
            "bash",
            "scripts/verify.sh"
          ],
          "duration_seconds": 0.08275391696952283,
          "exit_code": 1,
          "stderr_path": "/Users/user/repos/aos/artifacts/5345efa886f1/attempt_1/verify_1_stderr.txt",
          "stderr_trunc": "======================================================================\nERROR: discover (unittest.loader._FailedTest.discover)\n----------------------------------------------------------------------\nImportError: Failed to import test module: discover\nTraceback (most recent call last):\n  File \"/Users/user/.pyenv/versions/3.12.12/lib/python3.12/unittest/loader.py\", line 137, in loadTestsFromName\n    module = __import__(module_name)\n             ^^^^^^^^^^^^^^^^^^^^^^^\nModuleNotFoundError: No module named 'discover'\n\n\n----------------------------------------------------------------------\nRan 1 test in 0.000s\n\nFAILED (errors=1)",
          "stdout_path": "/Users/user/repos/aos/artifacts/5345efa886f1/attempt_1/verify_1_stdout.txt",
          "stdout_trunc": ""
        }
      ]
    },
    {
      "acceptance": [],
      "apply_ok": true,
      "attempt_index": 2,
      "baseline_commit": "23214ce1349bde3d814c1b4cb52271b4d4865215",
      "failure_brief": {
        "command": "bash scripts/verify.sh",
        "constraints_reminder": "Global verification must run before acceptance. Global verify is EXACTLY: if scripts/verify.sh exists run `bash scripts/verify.sh`, else run `python -m compileall -q .`, `python -m pip --version`, `python -m pytest -q`. Acceptance commands must be run via shlex.split() with no shell, and changes must be limited to allowed_files.",
        "exit_code": 2,
        "primary_error_excerpt": "usage: python -m unittest [-h] [-v] [-q] [--locals] [--durations N] [-f] [-c]\n                          [-b] [-k TESTNAMEPATTERNS]\n                          [tests ...]\npython -m unittest: error: unrecognized arguments: -s .",
        "stage": "verify_failed"
      },
      "patch_path": "/Users/user/repos/aos/artifacts/5345efa886f1/attempt_2/proposed_patch.diff",
      "touched_files": [
        "scripts/verify.sh"
      ],
      "verify": [
        {
          "command": [
            "bash",
            "scripts/verify.sh"
          ],
          "duration_seconds": 0.08439208404161036,
          "exit_code": 2,
          "stderr_path": "/Users/user/repos/aos/artifacts/5345efa886f1/attempt_2/verify_1_stderr.txt",
          "stderr_trunc": "usage: python -m unittest [-h] [-v] [-q] [--locals] [--durations N] [-f] [-c]\n                          [-b] [-k TESTNAMEPATTERNS]\n                          [tests ...]\npython -m unittest: error: unrecognized arguments: -s .",
          "stdout_path": "/Users/user/repos/aos/artifacts/5345efa886f1/attempt_2/verify_1_stdout.txt",
          "stdout_trunc": ""
        }
      ]
    }
  ],
  "ended_stage": "verify_failed",
  "ended_utc": "2026-02-05T18:41:39+00:00",
  "max_attempts": 2,
  "repo_baseline_commit": "23214ce1349bde3d814c1b4cb52271b4d4865215",
  "repo_path": "/Users/user/repos/lsystem-plants",
  "repo_tree_hash_after": "09b9e6351d7075162def7edbf31455bd2fc4395559d40a7b182536d3e191a48e",
  "repo_tree_hash_before": "09b9e6351d7075162def7edbf31455bd2fc4395559d40a7b182536d3e191a48e",
  "run_id": "5345efa886f1",
  "started_utc": "2026-02-05T18:41:28+00:00",
  "verdict": "FAIL",
  "work_order_hash": "2275bf99942bc1b63d49e7917c1e89934f538586978eac1ee07e7f8ecf706c70",
  "work_order_path": "/Users/user/repos/aos/wo/WO-01.json"
}
