......FFFFFF                                                             [100%]
=================================== FAILURES ===================================
____________ test_single_F_angle_90_step_10_produces_one_segment_up ____________

    def test_single_F_angle_90_step_10_produces_one_segment_up():
        # interpret uses parameter names: turn_angle, step_size
>       segs = interpret("F", turn_angle=90, step_size=10)
               ^^^^^^^^^^^^^^^^^^^^^^^^^^^^^^^^^^^^^^^^^^^
E       TypeError: interpret() got an unexpected keyword argument 'turn_angle'

tests/test_turtle.py:20: TypeError
________________________ test_FF_produces_two_segments _________________________

    def test_FF_produces_two_segments():
>       segs = interpret("FF", turn_angle=90, step_size=10)
               ^^^^^^^^^^^^^^^^^^^^^^^^^^^^^^^^^^^^^^^^^^^^
E       TypeError: interpret() got an unexpected keyword argument 'turn_angle'

tests/test_turtle.py:26: TypeError
_______________ test_F_plus_F_angle_90_second_segment_goes_left ________________

    def test_F_plus_F_angle_90_second_segment_goes_left():
        # Default heading is +Y; '+' turns left (CCW), so after one F and a +90 turn,
        # the next F should go toward -X.
>       segs = interpret("F+F", turn_angle=90, step_size=10)
               ^^^^^^^^^^^^^^^^^^^^^^^^^^^^^^^^^^^^^^^^^^^^^
E       TypeError: interpret() got an unexpected keyword argument 'turn_angle'

tests/test_turtle.py:35: TypeError
______________ test_F_minus_F_angle_90_second_segment_goes_right _______________

    def test_F_minus_F_angle_90_second_segment_goes_right():
        # '-' turns right (CW), so after one F and a -90 turn, the next F should go toward +X.
>       segs = interpret("F-F", turn_angle=90, step_size=10)
               ^^^^^^^^^^^^^^^^^^^^^^^^^^^^^^^^^^^^^^^^^^^^^
E       TypeError: interpret() got an unexpected keyword argument 'turn_angle'

tests/test_turtle.py:43: TypeError
___ test_push_pop_F_bracket_plus_F_bracket_minus_F_third_starts_after_first ____

    def test_push_pop_F_bracket_plus_F_bracket_minus_F_third_starts_after_first():
        # Sequence:
        # F: (0,0)->(0,10)
        # [: push state at (0,10)
        # +F: turn left and draw to (-10,10)
        # ]: pop back to (0,10) with original heading
        # -F: turn right and draw to (10,10)
>       segs = interpret("F[+F]-F", turn_angle=90, step_size=10)
               ^^^^^^^^^^^^^^^^^^^^^^^^^^^^^^^^^^^^^^^^^^^^^^^^^
E       TypeError: interpret() got an unexpected keyword argument 'turn_angle'

tests/test_turtle.py:56: TypeError
________ test_unknown_characters_are_ignored_FXF_produces_two_segments _________

    def test_unknown_characters_are_ignored_FXF_produces_two_segments():
>       segs = interpret("FXF", turn_angle=90, step_size=10)
               ^^^^^^^^^^^^^^^^^^^^^^^^^^^^^^^^^^^^^^^^^^^^^
E       TypeError: interpret() got an unexpected keyword argument 'turn_angle'

tests/test_turtle.py:67: TypeError
=========================== short test summary info ============================
FAILED tests/test_turtle.py::test_single_F_angle_90_step_10_produces_one_segment_up
FAILED tests/test_turtle.py::test_FF_produces_two_segments - TypeError: inter...
FAILED tests/test_turtle.py::test_F_plus_F_angle_90_second_segment_goes_left
FAILED tests/test_turtle.py::test_F_minus_F_angle_90_second_segment_goes_right
FAILED tests/test_turtle.py::test_push_pop_F_bracket_plus_F_bracket_minus_F_third_starts_after_first
FAILED tests/test_turtle.py::test_unknown_characters_are_ignored_FXF_produces_two_segments
6 failed, 6 passed in 0.47s
